CRITICAL - 2025-11-06 12:11:23 --> ErrorException: Undefined variable $formData
[Method: GET, Route: TESTAGE]
in APPPATH\Views\pageConnexion.php on line 25.
 1 APPPATH\Views\pageConnexion.php(25): CodeIgniter\Debug\Exceptions->errorHandler(2, 'Undefined variable $formData', 'C:\\wamp64\\www\\Supercar\\app\\Views\\pageConnexion.php', 25)
 2 SYSTEMPATH\View\View.php(226): include('C:\\wamp64\\www\\Supercar\\app\\Views\\pageConnexion.php')
 3 SYSTEMPATH\View\View.php(229): CodeIgniter\View\View->CodeIgniter\View\{closure}()
 4 SYSTEMPATH\Common.php(1167): CodeIgniter\View\View->render('pageConnexion', [], true)
 5 APPPATH\Controllers\TESTAGE.php(21): view('pageConnexion', [...])
 6 SYSTEMPATH\CodeIgniter.php(933): App\Controllers\TESTAGE->pageTest()
 7 SYSTEMPATH\CodeIgniter.php(507): CodeIgniter\CodeIgniter->runController(Object(App\Controllers\TESTAGE))
 8 SYSTEMPATH\CodeIgniter.php(354): CodeIgniter\CodeIgniter->handleRequest(null, Object(Config\Cache), false)
 9 SYSTEMPATH\Boot.php(363): CodeIgniter\CodeIgniter->run()
10 SYSTEMPATH\Boot.php(68): CodeIgniter\Boot::runCodeIgniter(Object(CodeIgniter\CodeIgniter))
11 FCPATH\index.php(59): CodeIgniter\Boot::bootWeb(Object(Config\Paths))
CRITICAL - 2025-11-06 17:59:56 --> ErrorException: Trying to access array offset on null
[Method: GET, Route: TESTAGE]
in APPPATH\Views\pageConnexion.php on line 33.
 1 APPPATH\Views\pageConnexion.php(33): CodeIgniter\Debug\Exceptions->errorHandler(2, 'Trying to access array offset on null', 'C:\\wamp64\\www\\Supercar\\app\\Views\\pageConnexion.php', 33)
 2 SYSTEMPATH\View\View.php(226): include('C:\\wamp64\\www\\Supercar\\app\\Views\\pageConnexion.php')
 3 SYSTEMPATH\View\View.php(229): CodeIgniter\View\View->CodeIgniter\View\{closure}()
 4 SYSTEMPATH\Common.php(1167): CodeIgniter\View\View->render('pageConnexion', [], true)
 5 APPPATH\Controllers\TESTAGE.php(22): view('pageConnexion', [...])
 6 SYSTEMPATH\CodeIgniter.php(933): App\Controllers\TESTAGE->pageTest()
 7 SYSTEMPATH\CodeIgniter.php(507): CodeIgniter\CodeIgniter->runController(Object(App\Controllers\TESTAGE))
 8 SYSTEMPATH\CodeIgniter.php(354): CodeIgniter\CodeIgniter->handleRequest(null, Object(Config\Cache), false)
 9 SYSTEMPATH\Boot.php(363): CodeIgniter\CodeIgniter->run()
10 SYSTEMPATH\Boot.php(68): CodeIgniter\Boot::runCodeIgniter(Object(CodeIgniter\CodeIgniter))
11 FCPATH\index.php(59): CodeIgniter\Boot::bootWeb(Object(Config\Paths))
CRITICAL - 2025-11-06 18:06:24 --> ErrorException: Trying to access array offset on null
[Method: GET, Route: TESTAGE]
in APPPATH\Views\pageConnexion.php on line 33.
 1 APPPATH\Views\pageConnexion.php(33): CodeIgniter\Debug\Exceptions->errorHandler(2, 'Trying to access array offset on null', 'C:\\wamp64\\www\\Supercar\\app\\Views\\pageConnexion.php', 33)
 2 SYSTEMPATH\View\View.php(226): include('C:\\wamp64\\www\\Supercar\\app\\Views\\pageConnexion.php')
 3 SYSTEMPATH\View\View.php(229): CodeIgniter\View\View->CodeIgniter\View\{closure}()
 4 SYSTEMPATH\Common.php(1167): CodeIgniter\View\View->render('pageConnexion', [], true)
 5 APPPATH\Controllers\TESTAGE.php(22): view('pageConnexion', [...])
 6 SYSTEMPATH\CodeIgniter.php(933): App\Controllers\TESTAGE->pageTest()
 7 SYSTEMPATH\CodeIgniter.php(507): CodeIgniter\CodeIgniter->runController(Object(App\Controllers\TESTAGE))
 8 SYSTEMPATH\CodeIgniter.php(354): CodeIgniter\CodeIgniter->handleRequest(null, Object(Config\Cache), false)
 9 SYSTEMPATH\Boot.php(363): CodeIgniter\CodeIgniter->run()
10 SYSTEMPATH\Boot.php(68): CodeIgniter\Boot::runCodeIgniter(Object(CodeIgniter\CodeIgniter))
11 FCPATH\index.php(59): CodeIgniter\Boot::bootWeb(Object(Config\Paths))
CRITICAL - 2025-11-06 18:06:25 --> ErrorException: Trying to access array offset on null
[Method: GET, Route: TESTAGE]
in APPPATH\Views\pageConnexion.php on line 33.
 1 APPPATH\Views\pageConnexion.php(33): CodeIgniter\Debug\Exceptions->errorHandler(2, 'Trying to access array offset on null', 'C:\\wamp64\\www\\Supercar\\app\\Views\\pageConnexion.php', 33)
 2 SYSTEMPATH\View\View.php(226): include('C:\\wamp64\\www\\Supercar\\app\\Views\\pageConnexion.php')
 3 SYSTEMPATH\View\View.php(229): CodeIgniter\View\View->CodeIgniter\View\{closure}()
 4 SYSTEMPATH\Common.php(1167): CodeIgniter\View\View->render('pageConnexion', [], true)
 5 APPPATH\Controllers\TESTAGE.php(22): view('pageConnexion', [...])
 6 SYSTEMPATH\CodeIgniter.php(933): App\Controllers\TESTAGE->pageTest()
 7 SYSTEMPATH\CodeIgniter.php(507): CodeIgniter\CodeIgniter->runController(Object(App\Controllers\TESTAGE))
 8 SYSTEMPATH\CodeIgniter.php(354): CodeIgniter\CodeIgniter->handleRequest(null, Object(Config\Cache), false)
 9 SYSTEMPATH\Boot.php(363): CodeIgniter\CodeIgniter->run()
10 SYSTEMPATH\Boot.php(68): CodeIgniter\Boot::runCodeIgniter(Object(CodeIgniter\CodeIgniter))
11 FCPATH\index.php(59): CodeIgniter\Boot::bootWeb(Object(Config\Paths))
CRITICAL - 2025-11-06 18:06:25 --> ErrorException: Trying to access array offset on null
[Method: GET, Route: TESTAGE]
in APPPATH\Views\pageConnexion.php on line 33.
 1 APPPATH\Views\pageConnexion.php(33): CodeIgniter\Debug\Exceptions->errorHandler(2, 'Trying to access array offset on null', 'C:\\wamp64\\www\\Supercar\\app\\Views\\pageConnexion.php', 33)
 2 SYSTEMPATH\View\View.php(226): include('C:\\wamp64\\www\\Supercar\\app\\Views\\pageConnexion.php')
 3 SYSTEMPATH\View\View.php(229): CodeIgniter\View\View->CodeIgniter\View\{closure}()
 4 SYSTEMPATH\Common.php(1167): CodeIgniter\View\View->render('pageConnexion', [], true)
 5 APPPATH\Controllers\TESTAGE.php(22): view('pageConnexion', [...])
 6 SYSTEMPATH\CodeIgniter.php(933): App\Controllers\TESTAGE->pageTest()
 7 SYSTEMPATH\CodeIgniter.php(507): CodeIgniter\CodeIgniter->runController(Object(App\Controllers\TESTAGE))
 8 SYSTEMPATH\CodeIgniter.php(354): CodeIgniter\CodeIgniter->handleRequest(null, Object(Config\Cache), false)
 9 SYSTEMPATH\Boot.php(363): CodeIgniter\CodeIgniter->run()
10 SYSTEMPATH\Boot.php(68): CodeIgniter\Boot::runCodeIgniter(Object(CodeIgniter\CodeIgniter))
11 FCPATH\index.php(59): CodeIgniter\Boot::bootWeb(Object(Config\Paths))
CRITICAL - 2025-11-06 18:06:25 --> ErrorException: Trying to access array offset on null
[Method: GET, Route: TESTAGE]
in APPPATH\Views\pageConnexion.php on line 33.
 1 APPPATH\Views\pageConnexion.php(33): CodeIgniter\Debug\Exceptions->errorHandler(2, 'Trying to access array offset on null', 'C:\\wamp64\\www\\Supercar\\app\\Views\\pageConnexion.php', 33)
 2 SYSTEMPATH\View\View.php(226): include('C:\\wamp64\\www\\Supercar\\app\\Views\\pageConnexion.php')
 3 SYSTEMPATH\View\View.php(229): CodeIgniter\View\View->CodeIgniter\View\{closure}()
 4 SYSTEMPATH\Common.php(1167): CodeIgniter\View\View->render('pageConnexion', [], true)
 5 APPPATH\Controllers\TESTAGE.php(22): view('pageConnexion', [...])
 6 SYSTEMPATH\CodeIgniter.php(933): App\Controllers\TESTAGE->pageTest()
 7 SYSTEMPATH\CodeIgniter.php(507): CodeIgniter\CodeIgniter->runController(Object(App\Controllers\TESTAGE))
 8 SYSTEMPATH\CodeIgniter.php(354): CodeIgniter\CodeIgniter->handleRequest(null, Object(Config\Cache), false)
 9 SYSTEMPATH\Boot.php(363): CodeIgniter\CodeIgniter->run()
10 SYSTEMPATH\Boot.php(68): CodeIgniter\Boot::runCodeIgniter(Object(CodeIgniter\CodeIgniter))
11 FCPATH\index.php(59): CodeIgniter\Boot::bootWeb(Object(Config\Paths))
CRITICAL - 2025-11-06 18:06:26 --> ErrorException: Trying to access array offset on null
[Method: GET, Route: TESTAGE]
in APPPATH\Views\pageConnexion.php on line 33.
 1 APPPATH\Views\pageConnexion.php(33): CodeIgniter\Debug\Exceptions->errorHandler(2, 'Trying to access array offset on null', 'C:\\wamp64\\www\\Supercar\\app\\Views\\pageConnexion.php', 33)
 2 SYSTEMPATH\View\View.php(226): include('C:\\wamp64\\www\\Supercar\\app\\Views\\pageConnexion.php')
 3 SYSTEMPATH\View\View.php(229): CodeIgniter\View\View->CodeIgniter\View\{closure}()
 4 SYSTEMPATH\Common.php(1167): CodeIgniter\View\View->render('pageConnexion', [], true)
 5 APPPATH\Controllers\TESTAGE.php(22): view('pageConnexion', [...])
 6 SYSTEMPATH\CodeIgniter.php(933): App\Controllers\TESTAGE->pageTest()
 7 SYSTEMPATH\CodeIgniter.php(507): CodeIgniter\CodeIgniter->runController(Object(App\Controllers\TESTAGE))
 8 SYSTEMPATH\CodeIgniter.php(354): CodeIgniter\CodeIgniter->handleRequest(null, Object(Config\Cache), false)
 9 SYSTEMPATH\Boot.php(363): CodeIgniter\CodeIgniter->run()
10 SYSTEMPATH\Boot.php(68): CodeIgniter\Boot::runCodeIgniter(Object(CodeIgniter\CodeIgniter))
11 FCPATH\index.php(59): CodeIgniter\Boot::bootWeb(Object(Config\Paths))
CRITICAL - 2025-11-06 18:06:26 --> ErrorException: Trying to access array offset on null
[Method: GET, Route: TESTAGE]
in APPPATH\Views\pageConnexion.php on line 33.
 1 APPPATH\Views\pageConnexion.php(33): CodeIgniter\Debug\Exceptions->errorHandler(2, 'Trying to access array offset on null', 'C:\\wamp64\\www\\Supercar\\app\\Views\\pageConnexion.php', 33)
 2 SYSTEMPATH\View\View.php(226): include('C:\\wamp64\\www\\Supercar\\app\\Views\\pageConnexion.php')
 3 SYSTEMPATH\View\View.php(229): CodeIgniter\View\View->CodeIgniter\View\{closure}()
 4 SYSTEMPATH\Common.php(1167): CodeIgniter\View\View->render('pageConnexion', [], true)
 5 APPPATH\Controllers\TESTAGE.php(22): view('pageConnexion', [...])
 6 SYSTEMPATH\CodeIgniter.php(933): App\Controllers\TESTAGE->pageTest()
 7 SYSTEMPATH\CodeIgniter.php(507): CodeIgniter\CodeIgniter->runController(Object(App\Controllers\TESTAGE))
 8 SYSTEMPATH\CodeIgniter.php(354): CodeIgniter\CodeIgniter->handleRequest(null, Object(Config\Cache), false)
 9 SYSTEMPATH\Boot.php(363): CodeIgniter\CodeIgniter->run()
10 SYSTEMPATH\Boot.php(68): CodeIgniter\Boot::runCodeIgniter(Object(CodeIgniter\CodeIgniter))
11 FCPATH\index.php(59): CodeIgniter\Boot::bootWeb(Object(Config\Paths))
CRITICAL - 2025-11-06 18:06:26 --> ErrorException: Trying to access array offset on null
[Method: GET, Route: TESTAGE]
in APPPATH\Views\pageConnexion.php on line 33.
 1 APPPATH\Views\pageConnexion.php(33): CodeIgniter\Debug\Exceptions->errorHandler(2, 'Trying to access array offset on null', 'C:\\wamp64\\www\\Supercar\\app\\Views\\pageConnexion.php', 33)
 2 SYSTEMPATH\View\View.php(226): include('C:\\wamp64\\www\\Supercar\\app\\Views\\pageConnexion.php')
 3 SYSTEMPATH\View\View.php(229): CodeIgniter\View\View->CodeIgniter\View\{closure}()
 4 SYSTEMPATH\Common.php(1167): CodeIgniter\View\View->render('pageConnexion', [], true)
 5 APPPATH\Controllers\TESTAGE.php(22): view('pageConnexion', [...])
 6 SYSTEMPATH\CodeIgniter.php(933): App\Controllers\TESTAGE->pageTest()
 7 SYSTEMPATH\CodeIgniter.php(507): CodeIgniter\CodeIgniter->runController(Object(App\Controllers\TESTAGE))
 8 SYSTEMPATH\CodeIgniter.php(354): CodeIgniter\CodeIgniter->handleRequest(null, Object(Config\Cache), false)
 9 SYSTEMPATH\Boot.php(363): CodeIgniter\CodeIgniter->run()
10 SYSTEMPATH\Boot.php(68): CodeIgniter\Boot::runCodeIgniter(Object(CodeIgniter\CodeIgniter))
11 FCPATH\index.php(59): CodeIgniter\Boot::bootWeb(Object(Config\Paths))
CRITICAL - 2025-11-06 18:06:26 --> ErrorException: Trying to access array offset on null
[Method: GET, Route: TESTAGE]
in APPPATH\Views\pageConnexion.php on line 33.
 1 APPPATH\Views\pageConnexion.php(33): CodeIgniter\Debug\Exceptions->errorHandler(2, 'Trying to access array offset on null', 'C:\\wamp64\\www\\Supercar\\app\\Views\\pageConnexion.php', 33)
 2 SYSTEMPATH\View\View.php(226): include('C:\\wamp64\\www\\Supercar\\app\\Views\\pageConnexion.php')
 3 SYSTEMPATH\View\View.php(229): CodeIgniter\View\View->CodeIgniter\View\{closure}()
 4 SYSTEMPATH\Common.php(1167): CodeIgniter\View\View->render('pageConnexion', [], true)
 5 APPPATH\Controllers\TESTAGE.php(22): view('pageConnexion', [...])
 6 SYSTEMPATH\CodeIgniter.php(933): App\Controllers\TESTAGE->pageTest()
 7 SYSTEMPATH\CodeIgniter.php(507): CodeIgniter\CodeIgniter->runController(Object(App\Controllers\TESTAGE))
 8 SYSTEMPATH\CodeIgniter.php(354): CodeIgniter\CodeIgniter->handleRequest(null, Object(Config\Cache), false)
 9 SYSTEMPATH\Boot.php(363): CodeIgniter\CodeIgniter->run()
10 SYSTEMPATH\Boot.php(68): CodeIgniter\Boot::runCodeIgniter(Object(CodeIgniter\CodeIgniter))
11 FCPATH\index.php(59): CodeIgniter\Boot::bootWeb(Object(Config\Paths))
CRITICAL - 2025-11-06 18:06:26 --> ErrorException: Trying to access array offset on null
[Method: GET, Route: TESTAGE]
in APPPATH\Views\pageConnexion.php on line 33.
 1 APPPATH\Views\pageConnexion.php(33): CodeIgniter\Debug\Exceptions->errorHandler(2, 'Trying to access array offset on null', 'C:\\wamp64\\www\\Supercar\\app\\Views\\pageConnexion.php', 33)
 2 SYSTEMPATH\View\View.php(226): include('C:\\wamp64\\www\\Supercar\\app\\Views\\pageConnexion.php')
 3 SYSTEMPATH\View\View.php(229): CodeIgniter\View\View->CodeIgniter\View\{closure}()
 4 SYSTEMPATH\Common.php(1167): CodeIgniter\View\View->render('pageConnexion', [], true)
 5 APPPATH\Controllers\TESTAGE.php(22): view('pageConnexion', [...])
 6 SYSTEMPATH\CodeIgniter.php(933): App\Controllers\TESTAGE->pageTest()
 7 SYSTEMPATH\CodeIgniter.php(507): CodeIgniter\CodeIgniter->runController(Object(App\Controllers\TESTAGE))
 8 SYSTEMPATH\CodeIgniter.php(354): CodeIgniter\CodeIgniter->handleRequest(null, Object(Config\Cache), false)
 9 SYSTEMPATH\Boot.php(363): CodeIgniter\CodeIgniter->run()
10 SYSTEMPATH\Boot.php(68): CodeIgniter\Boot::runCodeIgniter(Object(CodeIgniter\CodeIgniter))
11 FCPATH\index.php(59): CodeIgniter\Boot::bootWeb(Object(Config\Paths))
CRITICAL - 2025-11-06 18:06:26 --> ErrorException: Trying to access array offset on null
[Method: GET, Route: TESTAGE]
in APPPATH\Views\pageConnexion.php on line 33.
 1 APPPATH\Views\pageConnexion.php(33): CodeIgniter\Debug\Exceptions->errorHandler(2, 'Trying to access array offset on null', 'C:\\wamp64\\www\\Supercar\\app\\Views\\pageConnexion.php', 33)
 2 SYSTEMPATH\View\View.php(226): include('C:\\wamp64\\www\\Supercar\\app\\Views\\pageConnexion.php')
 3 SYSTEMPATH\View\View.php(229): CodeIgniter\View\View->CodeIgniter\View\{closure}()
 4 SYSTEMPATH\Common.php(1167): CodeIgniter\View\View->render('pageConnexion', [], true)
 5 APPPATH\Controllers\TESTAGE.php(22): view('pageConnexion', [...])
 6 SYSTEMPATH\CodeIgniter.php(933): App\Controllers\TESTAGE->pageTest()
 7 SYSTEMPATH\CodeIgniter.php(507): CodeIgniter\CodeIgniter->runController(Object(App\Controllers\TESTAGE))
 8 SYSTEMPATH\CodeIgniter.php(354): CodeIgniter\CodeIgniter->handleRequest(null, Object(Config\Cache), false)
 9 SYSTEMPATH\Boot.php(363): CodeIgniter\CodeIgniter->run()
10 SYSTEMPATH\Boot.php(68): CodeIgniter\Boot::runCodeIgniter(Object(CodeIgniter\CodeIgniter))
11 FCPATH\index.php(59): CodeIgniter\Boot::bootWeb(Object(Config\Paths))
CRITICAL - 2025-11-06 18:06:27 --> ErrorException: Trying to access array offset on null
[Method: GET, Route: TESTAGE]
in APPPATH\Views\pageConnexion.php on line 33.
 1 APPPATH\Views\pageConnexion.php(33): CodeIgniter\Debug\Exceptions->errorHandler(2, 'Trying to access array offset on null', 'C:\\wamp64\\www\\Supercar\\app\\Views\\pageConnexion.php', 33)
 2 SYSTEMPATH\View\View.php(226): include('C:\\wamp64\\www\\Supercar\\app\\Views\\pageConnexion.php')
 3 SYSTEMPATH\View\View.php(229): CodeIgniter\View\View->CodeIgniter\View\{closure}()
 4 SYSTEMPATH\Common.php(1167): CodeIgniter\View\View->render('pageConnexion', [], true)
 5 APPPATH\Controllers\TESTAGE.php(22): view('pageConnexion', [...])
 6 SYSTEMPATH\CodeIgniter.php(933): App\Controllers\TESTAGE->pageTest()
 7 SYSTEMPATH\CodeIgniter.php(507): CodeIgniter\CodeIgniter->runController(Object(App\Controllers\TESTAGE))
 8 SYSTEMPATH\CodeIgniter.php(354): CodeIgniter\CodeIgniter->handleRequest(null, Object(Config\Cache), false)
 9 SYSTEMPATH\Boot.php(363): CodeIgniter\CodeIgniter->run()
10 SYSTEMPATH\Boot.php(68): CodeIgniter\Boot::runCodeIgniter(Object(CodeIgniter\CodeIgniter))
11 FCPATH\index.php(59): CodeIgniter\Boot::bootWeb(Object(Config\Paths))
CRITICAL - 2025-11-06 18:06:27 --> ErrorException: Trying to access array offset on null
[Method: GET, Route: TESTAGE]
in APPPATH\Views\pageConnexion.php on line 33.
 1 APPPATH\Views\pageConnexion.php(33): CodeIgniter\Debug\Exceptions->errorHandler(2, 'Trying to access array offset on null', 'C:\\wamp64\\www\\Supercar\\app\\Views\\pageConnexion.php', 33)
 2 SYSTEMPATH\View\View.php(226): include('C:\\wamp64\\www\\Supercar\\app\\Views\\pageConnexion.php')
 3 SYSTEMPATH\View\View.php(229): CodeIgniter\View\View->CodeIgniter\View\{closure}()
 4 SYSTEMPATH\Common.php(1167): CodeIgniter\View\View->render('pageConnexion', [], true)
 5 APPPATH\Controllers\TESTAGE.php(22): view('pageConnexion', [...])
 6 SYSTEMPATH\CodeIgniter.php(933): App\Controllers\TESTAGE->pageTest()
 7 SYSTEMPATH\CodeIgniter.php(507): CodeIgniter\CodeIgniter->runController(Object(App\Controllers\TESTAGE))
 8 SYSTEMPATH\CodeIgniter.php(354): CodeIgniter\CodeIgniter->handleRequest(null, Object(Config\Cache), false)
 9 SYSTEMPATH\Boot.php(363): CodeIgniter\CodeIgniter->run()
10 SYSTEMPATH\Boot.php(68): CodeIgniter\Boot::runCodeIgniter(Object(CodeIgniter\CodeIgniter))
11 FCPATH\index.php(59): CodeIgniter\Boot::bootWeb(Object(Config\Paths))
CRITICAL - 2025-11-06 18:06:27 --> ErrorException: Trying to access array offset on null
[Method: GET, Route: TESTAGE]
in APPPATH\Views\pageConnexion.php on line 33.
 1 APPPATH\Views\pageConnexion.php(33): CodeIgniter\Debug\Exceptions->errorHandler(2, 'Trying to access array offset on null', 'C:\\wamp64\\www\\Supercar\\app\\Views\\pageConnexion.php', 33)
 2 SYSTEMPATH\View\View.php(226): include('C:\\wamp64\\www\\Supercar\\app\\Views\\pageConnexion.php')
 3 SYSTEMPATH\View\View.php(229): CodeIgniter\View\View->CodeIgniter\View\{closure}()
 4 SYSTEMPATH\Common.php(1167): CodeIgniter\View\View->render('pageConnexion', [], true)
 5 APPPATH\Controllers\TESTAGE.php(22): view('pageConnexion', [...])
 6 SYSTEMPATH\CodeIgniter.php(933): App\Controllers\TESTAGE->pageTest()
 7 SYSTEMPATH\CodeIgniter.php(507): CodeIgniter\CodeIgniter->runController(Object(App\Controllers\TESTAGE))
 8 SYSTEMPATH\CodeIgniter.php(354): CodeIgniter\CodeIgniter->handleRequest(null, Object(Config\Cache), false)
 9 SYSTEMPATH\Boot.php(363): CodeIgniter\CodeIgniter->run()
10 SYSTEMPATH\Boot.php(68): CodeIgniter\Boot::runCodeIgniter(Object(CodeIgniter\CodeIgniter))
11 FCPATH\index.php(59): CodeIgniter\Boot::bootWeb(Object(Config\Paths))
CRITICAL - 2025-11-06 18:06:29 --> ErrorException: Trying to access array offset on null
[Method: GET, Route: TESTAGE]
in APPPATH\Views\pageConnexion.php on line 33.
 1 APPPATH\Views\pageConnexion.php(33): CodeIgniter\Debug\Exceptions->errorHandler(2, 'Trying to access array offset on null', 'C:\\wamp64\\www\\Supercar\\app\\Views\\pageConnexion.php', 33)
 2 SYSTEMPATH\View\View.php(226): include('C:\\wamp64\\www\\Supercar\\app\\Views\\pageConnexion.php')
 3 SYSTEMPATH\View\View.php(229): CodeIgniter\View\View->CodeIgniter\View\{closure}()
 4 SYSTEMPATH\Common.php(1167): CodeIgniter\View\View->render('pageConnexion', [], true)
 5 APPPATH\Controllers\TESTAGE.php(22): view('pageConnexion', [...])
 6 SYSTEMPATH\CodeIgniter.php(933): App\Controllers\TESTAGE->pageTest()
 7 SYSTEMPATH\CodeIgniter.php(507): CodeIgniter\CodeIgniter->runController(Object(App\Controllers\TESTAGE))
 8 SYSTEMPATH\CodeIgniter.php(354): CodeIgniter\CodeIgniter->handleRequest(null, Object(Config\Cache), false)
 9 SYSTEMPATH\Boot.php(363): CodeIgniter\CodeIgniter->run()
10 SYSTEMPATH\Boot.php(68): CodeIgniter\Boot::runCodeIgniter(Object(CodeIgniter\CodeIgniter))
11 FCPATH\index.php(59): CodeIgniter\Boot::bootWeb(Object(Config\Paths))
CRITICAL - 2025-11-06 18:09:48 --> ParseError: Unclosed '{' on line 7
[Method: GET, Route: TESTAGE]
in APPPATH\Controllers\TESTAGE.php on line 56.
 1 SYSTEMPATH\Autoloader\Autoloader.php(295): CodeIgniter\Autoloader\Autoloader->includeFile('C:\\wamp64\\www\\Supercar\\app\\Controllers\\TESTAGE.php')
 2 SYSTEMPATH\Autoloader\Autoloader.php(271): CodeIgniter\Autoloader\Autoloader->loadInNamespace('App\\Controllers\\TESTAGE')
 3 [internal function]: CodeIgniter\Autoloader\Autoloader->loadClass('App\\Controllers\\TESTAGE')
 4 SYSTEMPATH\CodeIgniter.php(885): class_exists('\\App\\Controllers\\TESTAGE', true)
 5 SYSTEMPATH\CodeIgniter.php(494): CodeIgniter\CodeIgniter->startController()
 6 SYSTEMPATH\CodeIgniter.php(354): CodeIgniter\CodeIgniter->handleRequest(null, Object(Config\Cache), false)
 7 SYSTEMPATH\Boot.php(363): CodeIgniter\CodeIgniter->run()
 8 SYSTEMPATH\Boot.php(68): CodeIgniter\Boot::runCodeIgniter(Object(CodeIgniter\CodeIgniter))
 9 FCPATH\index.php(59): CodeIgniter\Boot::bootWeb(Object(Config\Paths))
CRITICAL - 2025-11-06 18:09:57 --> ParseError: Unclosed '{' on line 7
[Method: GET, Route: TESTAGE]
in APPPATH\Controllers\TESTAGE.php on line 56.
 1 SYSTEMPATH\Autoloader\Autoloader.php(295): CodeIgniter\Autoloader\Autoloader->includeFile('C:\\wamp64\\www\\Supercar\\app\\Controllers\\TESTAGE.php')
 2 SYSTEMPATH\Autoloader\Autoloader.php(271): CodeIgniter\Autoloader\Autoloader->loadInNamespace('App\\Controllers\\TESTAGE')
 3 [internal function]: CodeIgniter\Autoloader\Autoloader->loadClass('App\\Controllers\\TESTAGE')
 4 SYSTEMPATH\CodeIgniter.php(885): class_exists('\\App\\Controllers\\TESTAGE', true)
 5 SYSTEMPATH\CodeIgniter.php(494): CodeIgniter\CodeIgniter->startController()
 6 SYSTEMPATH\CodeIgniter.php(354): CodeIgniter\CodeIgniter->handleRequest(null, Object(Config\Cache), false)
 7 SYSTEMPATH\Boot.php(363): CodeIgniter\CodeIgniter->run()
 8 SYSTEMPATH\Boot.php(68): CodeIgniter\Boot::runCodeIgniter(Object(CodeIgniter\CodeIgniter))
 9 FCPATH\index.php(59): CodeIgniter\Boot::bootWeb(Object(Config\Paths))
CRITICAL - 2025-11-06 18:09:58 --> ParseError: Unclosed '{' on line 7
[Method: GET, Route: TESTAGE]
in APPPATH\Controllers\TESTAGE.php on line 56.
 1 SYSTEMPATH\Autoloader\Autoloader.php(295): CodeIgniter\Autoloader\Autoloader->includeFile('C:\\wamp64\\www\\Supercar\\app\\Controllers\\TESTAGE.php')
 2 SYSTEMPATH\Autoloader\Autoloader.php(271): CodeIgniter\Autoloader\Autoloader->loadInNamespace('App\\Controllers\\TESTAGE')
 3 [internal function]: CodeIgniter\Autoloader\Autoloader->loadClass('App\\Controllers\\TESTAGE')
 4 SYSTEMPATH\CodeIgniter.php(885): class_exists('\\App\\Controllers\\TESTAGE', true)
 5 SYSTEMPATH\CodeIgniter.php(494): CodeIgniter\CodeIgniter->startController()
 6 SYSTEMPATH\CodeIgniter.php(354): CodeIgniter\CodeIgniter->handleRequest(null, Object(Config\Cache), false)
 7 SYSTEMPATH\Boot.php(363): CodeIgniter\CodeIgniter->run()
 8 SYSTEMPATH\Boot.php(68): CodeIgniter\Boot::runCodeIgniter(Object(CodeIgniter\CodeIgniter))
 9 FCPATH\index.php(59): CodeIgniter\Boot::bootWeb(Object(Config\Paths))
CRITICAL - 2025-11-06 18:09:58 --> ParseError: Unclosed '{' on line 7
[Method: GET, Route: TESTAGE]
in APPPATH\Controllers\TESTAGE.php on line 56.
 1 SYSTEMPATH\Autoloader\Autoloader.php(295): CodeIgniter\Autoloader\Autoloader->includeFile('C:\\wamp64\\www\\Supercar\\app\\Controllers\\TESTAGE.php')
 2 SYSTEMPATH\Autoloader\Autoloader.php(271): CodeIgniter\Autoloader\Autoloader->loadInNamespace('App\\Controllers\\TESTAGE')
 3 [internal function]: CodeIgniter\Autoloader\Autoloader->loadClass('App\\Controllers\\TESTAGE')
 4 SYSTEMPATH\CodeIgniter.php(885): class_exists('\\App\\Controllers\\TESTAGE', true)
 5 SYSTEMPATH\CodeIgniter.php(494): CodeIgniter\CodeIgniter->startController()
 6 SYSTEMPATH\CodeIgniter.php(354): CodeIgniter\CodeIgniter->handleRequest(null, Object(Config\Cache), false)
 7 SYSTEMPATH\Boot.php(363): CodeIgniter\CodeIgniter->run()
 8 SYSTEMPATH\Boot.php(68): CodeIgniter\Boot::runCodeIgniter(Object(CodeIgniter\CodeIgniter))
 9 FCPATH\index.php(59): CodeIgniter\Boot::bootWeb(Object(Config\Paths))
CRITICAL - 2025-11-06 18:09:58 --> ParseError: Unclosed '{' on line 7
[Method: GET, Route: TESTAGE]
in APPPATH\Controllers\TESTAGE.php on line 56.
 1 SYSTEMPATH\Autoloader\Autoloader.php(295): CodeIgniter\Autoloader\Autoloader->includeFile('C:\\wamp64\\www\\Supercar\\app\\Controllers\\TESTAGE.php')
 2 SYSTEMPATH\Autoloader\Autoloader.php(271): CodeIgniter\Autoloader\Autoloader->loadInNamespace('App\\Controllers\\TESTAGE')
 3 [internal function]: CodeIgniter\Autoloader\Autoloader->loadClass('App\\Controllers\\TESTAGE')
 4 SYSTEMPATH\CodeIgniter.php(885): class_exists('\\App\\Controllers\\TESTAGE', true)
 5 SYSTEMPATH\CodeIgniter.php(494): CodeIgniter\CodeIgniter->startController()
 6 SYSTEMPATH\CodeIgniter.php(354): CodeIgniter\CodeIgniter->handleRequest(null, Object(Config\Cache), false)
 7 SYSTEMPATH\Boot.php(363): CodeIgniter\CodeIgniter->run()
 8 SYSTEMPATH\Boot.php(68): CodeIgniter\Boot::runCodeIgniter(Object(CodeIgniter\CodeIgniter))
 9 FCPATH\index.php(59): CodeIgniter\Boot::bootWeb(Object(Config\Paths))
CRITICAL - 2025-11-06 18:09:58 --> ParseError: Unclosed '{' on line 7
[Method: GET, Route: TESTAGE]
in APPPATH\Controllers\TESTAGE.php on line 56.
 1 SYSTEMPATH\Autoloader\Autoloader.php(295): CodeIgniter\Autoloader\Autoloader->includeFile('C:\\wamp64\\www\\Supercar\\app\\Controllers\\TESTAGE.php')
 2 SYSTEMPATH\Autoloader\Autoloader.php(271): CodeIgniter\Autoloader\Autoloader->loadInNamespace('App\\Controllers\\TESTAGE')
 3 [internal function]: CodeIgniter\Autoloader\Autoloader->loadClass('App\\Controllers\\TESTAGE')
 4 SYSTEMPATH\CodeIgniter.php(885): class_exists('\\App\\Controllers\\TESTAGE', true)
 5 SYSTEMPATH\CodeIgniter.php(494): CodeIgniter\CodeIgniter->startController()
 6 SYSTEMPATH\CodeIgniter.php(354): CodeIgniter\CodeIgniter->handleRequest(null, Object(Config\Cache), false)
 7 SYSTEMPATH\Boot.php(363): CodeIgniter\CodeIgniter->run()
 8 SYSTEMPATH\Boot.php(68): CodeIgniter\Boot::runCodeIgniter(Object(CodeIgniter\CodeIgniter))
 9 FCPATH\index.php(59): CodeIgniter\Boot::bootWeb(Object(Config\Paths))
CRITICAL - 2025-11-06 18:10:49 --> ErrorException: Undefined property: App\Controllers\TESTAGE::$session
[Method: POST, Route: TESTAGE/save]
in APPPATH\Controllers\TESTAGE.php on line 42.
 1 APPPATH\Controllers\TESTAGE.php(42): CodeIgniter\Debug\Exceptions->errorHandler(2, 'Undefined property: App\\Controllers\\TESTAGE::$session', 'C:\\wamp64\\www\\Supercar\\app\\Controllers\\TESTAGE.php', 42)
 2 SYSTEMPATH\CodeIgniter.php(933): App\Controllers\TESTAGE->save()
 3 SYSTEMPATH\CodeIgniter.php(507): CodeIgniter\CodeIgniter->runController(Object(App\Controllers\TESTAGE))
 4 SYSTEMPATH\CodeIgniter.php(354): CodeIgniter\CodeIgniter->handleRequest(null, Object(Config\Cache), false)
 5 SYSTEMPATH\Boot.php(363): CodeIgniter\CodeIgniter->run()
 6 SYSTEMPATH\Boot.php(68): CodeIgniter\Boot::runCodeIgniter(Object(CodeIgniter\CodeIgniter))
 7 FCPATH\index.php(59): CodeIgniter\Boot::bootWeb(Object(Config\Paths))
CRITICAL - 2025-11-06 18:10:49 --> ErrorException: Undefined property: App\Controllers\TESTAGE::$session
[Method: POST, Route: TESTAGE/save]
in APPPATH\Controllers\TESTAGE.php on line 42.
 1 APPPATH\Controllers\TESTAGE.php(42): CodeIgniter\Debug\Exceptions->errorHandler(2, 'Undefined property: App\\Controllers\\TESTAGE::$session', 'C:\\wamp64\\www\\Supercar\\app\\Controllers\\TESTAGE.php', 42)
 2 SYSTEMPATH\CodeIgniter.php(933): App\Controllers\TESTAGE->save()
 3 SYSTEMPATH\CodeIgniter.php(507): CodeIgniter\CodeIgniter->runController(Object(App\Controllers\TESTAGE))
 4 SYSTEMPATH\CodeIgniter.php(354): CodeIgniter\CodeIgniter->handleRequest(null, Object(Config\Cache), false)
 5 SYSTEMPATH\Boot.php(363): CodeIgniter\CodeIgniter->run()
 6 SYSTEMPATH\Boot.php(68): CodeIgniter\Boot::runCodeIgniter(Object(CodeIgniter\CodeIgniter))
 7 FCPATH\index.php(59): CodeIgniter\Boot::bootWeb(Object(Config\Paths))
CRITICAL - 2025-11-06 18:10:50 --> ErrorException: Undefined property: App\Controllers\TESTAGE::$session
[Method: POST, Route: TESTAGE/save]
in APPPATH\Controllers\TESTAGE.php on line 42.
 1 APPPATH\Controllers\TESTAGE.php(42): CodeIgniter\Debug\Exceptions->errorHandler(2, 'Undefined property: App\\Controllers\\TESTAGE::$session', 'C:\\wamp64\\www\\Supercar\\app\\Controllers\\TESTAGE.php', 42)
 2 SYSTEMPATH\CodeIgniter.php(933): App\Controllers\TESTAGE->save()
 3 SYSTEMPATH\CodeIgniter.php(507): CodeIgniter\CodeIgniter->runController(Object(App\Controllers\TESTAGE))
 4 SYSTEMPATH\CodeIgniter.php(354): CodeIgniter\CodeIgniter->handleRequest(null, Object(Config\Cache), false)
 5 SYSTEMPATH\Boot.php(363): CodeIgniter\CodeIgniter->run()
 6 SYSTEMPATH\Boot.php(68): CodeIgniter\Boot::runCodeIgniter(Object(CodeIgniter\CodeIgniter))
 7 FCPATH\index.php(59): CodeIgniter\Boot::bootWeb(Object(Config\Paths))
CRITICAL - 2025-11-06 18:10:50 --> ErrorException: Undefined property: App\Controllers\TESTAGE::$session
[Method: POST, Route: TESTAGE/save]
in APPPATH\Controllers\TESTAGE.php on line 42.
 1 APPPATH\Controllers\TESTAGE.php(42): CodeIgniter\Debug\Exceptions->errorHandler(2, 'Undefined property: App\\Controllers\\TESTAGE::$session', 'C:\\wamp64\\www\\Supercar\\app\\Controllers\\TESTAGE.php', 42)
 2 SYSTEMPATH\CodeIgniter.php(933): App\Controllers\TESTAGE->save()
 3 SYSTEMPATH\CodeIgniter.php(507): CodeIgniter\CodeIgniter->runController(Object(App\Controllers\TESTAGE))
 4 SYSTEMPATH\CodeIgniter.php(354): CodeIgniter\CodeIgniter->handleRequest(null, Object(Config\Cache), false)
 5 SYSTEMPATH\Boot.php(363): CodeIgniter\CodeIgniter->run()
 6 SYSTEMPATH\Boot.php(68): CodeIgniter\Boot::runCodeIgniter(Object(CodeIgniter\CodeIgniter))
 7 FCPATH\index.php(59): CodeIgniter\Boot::bootWeb(Object(Config\Paths))
CRITICAL - 2025-11-06 18:10:50 --> ErrorException: Undefined property: App\Controllers\TESTAGE::$session
[Method: POST, Route: TESTAGE/save]
in APPPATH\Controllers\TESTAGE.php on line 42.
 1 APPPATH\Controllers\TESTAGE.php(42): CodeIgniter\Debug\Exceptions->errorHandler(2, 'Undefined property: App\\Controllers\\TESTAGE::$session', 'C:\\wamp64\\www\\Supercar\\app\\Controllers\\TESTAGE.php', 42)
 2 SYSTEMPATH\CodeIgniter.php(933): App\Controllers\TESTAGE->save()
 3 SYSTEMPATH\CodeIgniter.php(507): CodeIgniter\CodeIgniter->runController(Object(App\Controllers\TESTAGE))
 4 SYSTEMPATH\CodeIgniter.php(354): CodeIgniter\CodeIgniter->handleRequest(null, Object(Config\Cache), false)
 5 SYSTEMPATH\Boot.php(363): CodeIgniter\CodeIgniter->run()
 6 SYSTEMPATH\Boot.php(68): CodeIgniter\Boot::runCodeIgniter(Object(CodeIgniter\CodeIgniter))
 7 FCPATH\index.php(59): CodeIgniter\Boot::bootWeb(Object(Config\Paths))
CRITICAL - 2025-11-06 18:10:52 --> ErrorException: Undefined property: App\Controllers\TESTAGE::$session
[Method: POST, Route: TESTAGE/save]
in APPPATH\Controllers\TESTAGE.php on line 42.
 1 APPPATH\Controllers\TESTAGE.php(42): CodeIgniter\Debug\Exceptions->errorHandler(2, 'Undefined property: App\\Controllers\\TESTAGE::$session', 'C:\\wamp64\\www\\Supercar\\app\\Controllers\\TESTAGE.php', 42)
 2 SYSTEMPATH\CodeIgniter.php(933): App\Controllers\TESTAGE->save()
 3 SYSTEMPATH\CodeIgniter.php(507): CodeIgniter\CodeIgniter->runController(Object(App\Controllers\TESTAGE))
 4 SYSTEMPATH\CodeIgniter.php(354): CodeIgniter\CodeIgniter->handleRequest(null, Object(Config\Cache), false)
 5 SYSTEMPATH\Boot.php(363): CodeIgniter\CodeIgniter->run()
 6 SYSTEMPATH\Boot.php(68): CodeIgniter\Boot::runCodeIgniter(Object(CodeIgniter\CodeIgniter))
 7 FCPATH\index.php(59): CodeIgniter\Boot::bootWeb(Object(Config\Paths))
